<?xml version="1.0" encoding="UTF-8" ?>
<testsuite tests="2" failures="0" name="igorekpotworek.aspects.RetryAspectTest" time="2.123" errors="0" skipped="0">
  <properties>
    <property name="java.runtime.name" value="Java(TM) SE Runtime Environment"/>
    <property name="sun.boot.library.path" value="C:\Programs\Java\jdk1.8.0_51\jre\bin"/>
    <property name="java.vm.version" value="25.51-b03"/>
    <property name="java.vm.vendor" value="Oracle Corporation"/>
    <property name="maven.multiModuleProjectDirectory" value="C:\Users\Igor\workspace_csm\aspects"/>
    <property name="java.vendor.url" value="http://java.oracle.com/"/>
    <property name="path.separator" value=";"/>
    <property name="guice.disable.misplaced.annotation.check" value="true"/>
    <property name="java.vm.name" value="Java HotSpot(TM) 64-Bit Server VM"/>
    <property name="file.encoding.pkg" value="sun.io"/>
    <property name="user.script" value=""/>
    <property name="user.country" value="PL"/>
    <property name="sun.java.launcher" value="SUN_STANDARD"/>
    <property name="sun.os.patch.level" value="Service Pack 1"/>
    <property name="java.vm.specification.name" value="Java Virtual Machine Specification"/>
    <property name="user.dir" value="C:\Users\Igor\workspace_csm\aspects"/>
    <property name="java.runtime.version" value="1.8.0_51-b16"/>
    <property name="java.awt.graphicsenv" value="sun.awt.Win32GraphicsEnvironment"/>
    <property name="java.endorsed.dirs" value="C:\Programs\Java\jdk1.8.0_51\jre\lib\endorsed"/>
    <property name="os.arch" value="amd64"/>
    <property name="java.io.tmpdir" value="C:\Users\Igor\AppData\Local\Temp\"/>
    <property name="line.separator" value="
"/>
    <property name="java.vm.specification.vendor" value="Oracle Corporation"/>
    <property name="user.variant" value=""/>
    <property name="os.name" value="Windows 7"/>
    <property name="classworlds.conf" value="C:\Programs\apache-maven-3.3.9\bin\m2.conf"/>
    <property name="sun.jnu.encoding" value="Cp1250"/>
    <property name="java.library.path" value="C:\Programs\Java\jdk1.8.0_51\bin;C:\Windows\Sun\Java\bin;C:\Windows\system32;C:\Windows;C:\Programs\cmder_mini\bin;C:\Programs\cmder_mini\vendor\conemu-maximus5\ConEmu\Scripts;C:\Programs\cmder_mini\vendor\conemu-maximus5;C:\Programs\cmder_mini\vendor\conemu-maximus5\ConEmu;C:\Program Files (x86)\Intel\iCLS Client\;C:\Program Files\Intel\iCLS Client\;C:\Windows\system32;C:\Windows;C:\Windows\System32\Wbem;C:\Windows\System32\WindowsPowerShell\v1.0\;C:\Program Files\Intel\Intel(R) Management Engine Components\DAL;C:\Program Files (x86)\Intel\Intel(R) Management Engine Components\DAL;C:\Program Files\Intel\Intel(R) Management Engine Components\IPT;C:\Program Files (x86)\Intel\Intel(R) Management Engine Components\IPT;C:\Programs\Skype\Phone\;C:\Programs\apache-maven-3.3.9/bin;C:\Programs\Bitnami\wappstack-5.5.30-0\git\bin;C:\Users\Igor\AppData\Roaming\npm;C:\Programs\nodejs\;C:\Programs\Java\jdk1.8.0_51/bin;C:\Programs\HashiCorp\Vagrant\bin;C:\Programs\OpenShift\openshift-origin-client-tools-v1.3.0-3ab7af3d097b57f933eccef684a714f2368804e7-windows;C:\Programs\Git\cmd;C:\Users\Igor\AppData\Roaming\npm;C:\Programs\Bitnami\wappstack-5.5.30-0\git\usr\bin;C:\Programs\Bitnami\wappstack-5.5.30-0\git\usr\share\vim\vim74;C:\Programs\cmder_mini\;."/>
    <property name="java.specification.name" value="Java Platform API Specification"/>
    <property name="java.class.version" value="52.0"/>
    <property name="sun.management.compiler" value="HotSpot 64-Bit Tiered Compilers"/>
    <property name="os.version" value="6.1"/>
    <property name="user.home" value="C:\Users\Igor"/>
    <property name="user.timezone" value="Europe/Belgrade"/>
    <property name="java.awt.printerjob" value="sun.awt.windows.WPrinterJob"/>
    <property name="java.specification.version" value="1.8"/>
    <property name="file.encoding" value="Cp1250"/>
    <property name="user.name" value="Igor"/>
    <property name="java.class.path" value="C:\Programs\apache-maven-3.3.9\boot\plexus-classworlds-2.5.2.jar"/>
    <property name="java.vm.specification.version" value="1.8"/>
    <property name="sun.arch.data.model" value="64"/>
    <property name="java.home" value="C:\Programs\Java\jdk1.8.0_51\jre"/>
    <property name="sun.java.command" value="org.codehaus.plexus.classworlds.launcher.Launcher clean package"/>
    <property name="java.specification.vendor" value="Oracle Corporation"/>
    <property name="user.language" value="pl"/>
    <property name="awt.toolkit" value="sun.awt.windows.WToolkit"/>
    <property name="java.vm.info" value="mixed mode"/>
    <property name="java.version" value="1.8.0_51"/>
    <property name="java.ext.dirs" value="C:\Programs\Java\jdk1.8.0_51\jre\lib\ext;C:\Windows\Sun\Java\lib\ext"/>
    <property name="sun.boot.class.path" value="C:\Programs\Java\jdk1.8.0_51\jre\lib\resources.jar;C:\Programs\Java\jdk1.8.0_51\jre\lib\rt.jar;C:\Programs\Java\jdk1.8.0_51\jre\lib\sunrsasign.jar;C:\Programs\Java\jdk1.8.0_51\jre\lib\jsse.jar;C:\Programs\Java\jdk1.8.0_51\jre\lib\jce.jar;C:\Programs\Java\jdk1.8.0_51\jre\lib\charsets.jar;C:\Programs\Java\jdk1.8.0_51\jre\lib\jfr.jar;C:\Programs\Java\jdk1.8.0_51\jre\classes"/>
    <property name="sun.stderr.encoding" value="cp852"/>
    <property name="java.vendor" value="Oracle Corporation"/>
    <property name="maven.home" value="C:\Programs\apache-maven-3.3.9"/>
    <property name="file.separator" value="\"/>
    <property name="java.vendor.url.bug" value="http://bugreport.sun.com/bugreport/"/>
    <property name="sun.cpu.endian" value="little"/>
    <property name="sun.io.unicode.encoding" value="UnicodeLittle"/>
    <property name="sun.stdout.encoding" value="cp852"/>
    <property name="sun.desktop" value="windows"/>
    <property name="sun.cpu.isalist" value="amd64"/>
  </properties>
  <testcase classname="igorekpotworek.aspects.RetryAspectTest" name="testMethodWithExceptionThatShouldntRetry" time="0.112"/>
  <testcase classname="igorekpotworek.aspects.RetryAspectTest" name="testMethodWithExceptionThatShouldRetry" time="2.011"/>
</testsuite>